<?xml version="1.0" encoding="UTF-8"?>
<!-- Generated by org.testng.reporters.JUnitXMLReporter -->
<testsuite hostname="Adityas-MacBook-Pro.local" ignored="0" name="Chrome" tests="5" failures="3" timestamp="26 Jan 2018 14:22:23 GMT" time="27.371" errors="0">
  <testcase name="VerifyPageTitle" time="0.574" classname="com.expedia.adnatebeta.testrunner.NTRunnerTest">
    <skipped/>
  </testcase> <!-- VerifyPageTitle -->
  <testcase name="VerifyPageTitle" time="0.569" classname="com.expedia.adnatebeta.testrunner.NTRunnerTest">
    <skipped/>
  </testcase> <!-- VerifyPageTitle -->
  <testcase name="VerifyPageTitle" time="0.569" classname="com.expedia.adnatebeta.testrunner.NTRunnerTest">
    <failure type="java.lang.AssertionError" message="Welcome: Mercury Tours expected:&amp;lt;Welcome: Mercury Tours&amp;gt; but was:&amp;lt;Not Matching&amp;gt;">
      <![CDATA[java.lang.AssertionError: Welcome: Mercury Tours expected:<Welcome: Mercury Tours> but was:<Not Matching>at com.expedia.adnatebeta.testrunner.NTRunnerTest.VerifyPageTitle(NTRunnerTest.java:60)... Removed 26 stack frames]]>
    </failure>
  </testcase> <!-- VerifyPageTitle -->
  <testcase name="VerifyFlightDetailsHeading" time="4.521" classname="com.expedia.adnatebeta.testrunner.NTRunnerTest">
    <failure type="java.lang.AssertionError" message="Flight Details expected:&amp;lt;Flight Details&amp;gt; but was:&amp;lt;Done&amp;gt;">
      <![CDATA[java.lang.AssertionError: Flight Details expected:<Flight Details> but was:<Done>at com.expedia.adnatebeta.testrunner.NTRunnerTest.VerifyFlightDetailsHeading(NTRunnerTest.java:80)... Removed 26 stack frames]]>
    </failure>
  </testcase> <!-- VerifyFlightDetailsHeading -->
  <testcase name="VerifyRegistrationProcess" time="3.883" classname="com.expedia.adnatebeta.testrunner.NTRunnerTest">
    <failure type="java.lang.AssertionError" message="Thank you for registering. You may now sign-in using the user name and password you&amp;apos;ve just entered. expected:&amp;lt;Thank you for registering. You may now sign-in using the user name and password you&amp;apos;ve just entered.&amp;gt; but was:&amp;lt;Enjoy&amp;gt;">
      <![CDATA[java.lang.AssertionError: Thank you for registering. You may now sign-in using the user name and password you've just entered. expected:<Thank you for registering. You may now sign-in using the user name and password you've just entered.> but was:<Enjoy>at com.expedia.adnatebeta.testrunner.NTRunnerTest.VerifyRegistrationProcess(NTRunnerTest.java:114)... Removed 26 stack frames]]>
    </failure>
  </testcase> <!-- VerifyRegistrationProcess -->
</testsuite> <!-- Chrome -->
