<?xml version="1.0" encoding="UTF-8"?>
<testng-results skipped="2" failed="3" ignored="0" total="5" passed="0">
  <reporter-output>
  </reporter-output>
  <suite name="Suite" duration-ms="27371" started-at="2018-01-26T14:21:56Z" finished-at="2018-01-26T14:22:23Z">
    <groups>
    </groups>
    <test name="Chrome" duration-ms="27371" started-at="2018-01-26T14:21:56Z" finished-at="2018-01-26T14:22:23Z">
      <class name="com.expedia.adnatebeta.testrunner.NTRunnerTest">
        <test-method status="PASS" signature="getTestInput(java.lang.String, java.lang.String)[pri:0, instance:com.expedia.adnatebeta.testrunner.NTRunnerTest@7a3d45bd]" name="getTestInput" is-config="true" duration-ms="13" started-at="2018-01-26T19:51:56Z" finished-at="2018-01-26T19:51:56Z">
          <params>
            <param index="0">
              <value>
                <![CDATA[Chrome]]>
              </value>
            </param>
            <param index="1">
              <value>
                <![CDATA[local]]>
              </value>
            </param>
          </params>
          <reporter-output>
          </reporter-output>
        </test-method> <!-- getTestInput -->
        <test-method status="PASS" signature="preCondition()[pri:0, instance:com.expedia.adnatebeta.testrunner.NTRunnerTest@7a3d45bd]" name="preCondition" is-config="true" duration-ms="4131" started-at="2018-01-26T19:51:56Z" finished-at="2018-01-26T19:52:01Z">
          <reporter-output>
          </reporter-output>
        </test-method> <!-- preCondition -->
        <test-method status="SKIP" signature="VerifyPageTitle(java.lang.String, java.lang.String)[pri:0, instance:com.expedia.adnatebeta.testrunner.NTRunnerTest@7a3d45bd]" name="VerifyPageTitle" duration-ms="574" started-at="2018-01-26T19:52:01Z" data-provider="tdp" finished-at="2018-01-26T19:52:01Z">
          <params>
            <param index="0">
              <value>
                <![CDATA[Welcome: Mercury Tours]]>
              </value>
            </param>
            <param index="1">
              <value>
                <![CDATA[1]]>
              </value>
            </param>
          </params>
          <exception class="java.lang.AssertionError">
            <message>
              <![CDATA[Welcome: Mercury Tours expected:<Welcome: Mercury Tours> but was:<Not Matching>]]>
            </message>
            <full-stacktrace>
              <![CDATA[java.lang.AssertionError: Welcome: Mercury Tours expected:<Welcome: Mercury Tours> but was:<Not Matching>at org.testng.AssertJUnit.assertEquals(AssertJUnit.java:101)at com.expedia.adnatebeta.testrunner.NTRunnerTest.VerifyPageTitle(NTRunnerTest.java:60)at sun.reflect.NativeMethodAccessorImpl.invoke0(Native Method)at sun.reflect.NativeMethodAccessorImpl.invoke(NativeMethodAccessorImpl.java:62)at sun.reflect.DelegatingMethodAccessorImpl.invoke(DelegatingMethodAccessorImpl.java:43)at java.lang.reflect.Method.invoke(Method.java:498)at org.testng.internal.MethodInvocationHelper.invokeMethod(MethodInvocationHelper.java:124)at org.testng.internal.Invoker.invokeMethod(Invoker.java:571)at org.testng.internal.Invoker.invokeTestMethod(Invoker.java:707)at org.testng.internal.Invoker.invokeTestMethods(Invoker.java:979)at org.testng.internal.TestMethodWorker.invokeTestMethods(TestMethodWorker.java:125)at org.testng.internal.TestMethodWorker.run(TestMethodWorker.java:109)at org.testng.TestRunner.privateRun(TestRunner.java:648)at org.testng.TestRunner.run(TestRunner.java:505)at org.testng.SuiteRunner.runTest(SuiteRunner.java:455)at org.testng.SuiteRunner.runSequentially(SuiteRunner.java:450)at org.testng.SuiteRunner.privateRun(SuiteRunner.java:415)at org.testng.SuiteRunner.run(SuiteRunner.java:364)at org.testng.SuiteRunnerWorker.runSuite(SuiteRunnerWorker.java:52)at org.testng.SuiteRunnerWorker.run(SuiteRunnerWorker.java:84)at org.testng.TestNG.runSuitesSequentially(TestNG.java:1187)at org.testng.TestNG.runSuitesLocally(TestNG.java:1116)at org.testng.TestNG.runSuites(TestNG.java:1028)at org.testng.TestNG.run(TestNG.java:996)at org.testng.remote.AbstractRemoteTestNG.run(AbstractRemoteTestNG.java:114)at org.testng.remote.RemoteTestNG.initAndRun(RemoteTestNG.java:251)at org.testng.remote.RemoteTestNG.main(RemoteTestNG.java:77)]]>
            </full-stacktrace>
          </exception> <!-- java.lang.AssertionError -->
          <reporter-output>
          </reporter-output>
        </test-method> <!-- VerifyPageTitle -->
        <test-method status="PASS" signature="closeBrowser()[pri:0, instance:com.expedia.adnatebeta.testrunner.NTRunnerTest@7a3d45bd]" name="closeBrowser" is-config="true" duration-ms="81" started-at="2018-01-26T19:52:01Z" finished-at="2018-01-26T19:52:01Z">
          <reporter-output>
          </reporter-output>
        </test-method> <!-- closeBrowser -->
        <test-method status="PASS" signature="preCondition()[pri:0, instance:com.expedia.adnatebeta.testrunner.NTRunnerTest@7a3d45bd]" name="preCondition" is-config="true" duration-ms="2944" started-at="2018-01-26T19:52:01Z" finished-at="2018-01-26T19:52:04Z">
          <reporter-output>
          </reporter-output>
        </test-method> <!-- preCondition -->
        <test-method status="SKIP" signature="VerifyPageTitle(java.lang.String, java.lang.String)[pri:0, instance:com.expedia.adnatebeta.testrunner.NTRunnerTest@7a3d45bd]" name="VerifyPageTitle" duration-ms="569" started-at="2018-01-26T19:52:04Z" data-provider="tdp" finished-at="2018-01-26T19:52:05Z">
          <params>
            <param index="0">
              <value>
                <![CDATA[Welcome: Mercury Tours]]>
              </value>
            </param>
            <param index="1">
              <value>
                <![CDATA[1]]>
              </value>
            </param>
          </params>
          <exception class="java.lang.AssertionError">
            <message>
              <![CDATA[Welcome: Mercury Tours expected:<Welcome: Mercury Tours> but was:<Not Matching>]]>
            </message>
            <full-stacktrace>
              <![CDATA[java.lang.AssertionError: Welcome: Mercury Tours expected:<Welcome: Mercury Tours> but was:<Not Matching>at org.testng.AssertJUnit.assertEquals(AssertJUnit.java:101)at com.expedia.adnatebeta.testrunner.NTRunnerTest.VerifyPageTitle(NTRunnerTest.java:60)at sun.reflect.NativeMethodAccessorImpl.invoke0(Native Method)at sun.reflect.NativeMethodAccessorImpl.invoke(NativeMethodAccessorImpl.java:62)at sun.reflect.DelegatingMethodAccessorImpl.invoke(DelegatingMethodAccessorImpl.java:43)at java.lang.reflect.Method.invoke(Method.java:498)at org.testng.internal.MethodInvocationHelper.invokeMethod(MethodInvocationHelper.java:124)at org.testng.internal.Invoker.invokeMethod(Invoker.java:571)at org.testng.internal.Invoker.retryFailed(Invoker.java:829)at org.testng.internal.Invoker.invokeTestMethods(Invoker.java:1000)at org.testng.internal.TestMethodWorker.invokeTestMethods(TestMethodWorker.java:125)at org.testng.internal.TestMethodWorker.run(TestMethodWorker.java:109)at org.testng.TestRunner.privateRun(TestRunner.java:648)at org.testng.TestRunner.run(TestRunner.java:505)at org.testng.SuiteRunner.runTest(SuiteRunner.java:455)at org.testng.SuiteRunner.runSequentially(SuiteRunner.java:450)at org.testng.SuiteRunner.privateRun(SuiteRunner.java:415)at org.testng.SuiteRunner.run(SuiteRunner.java:364)at org.testng.SuiteRunnerWorker.runSuite(SuiteRunnerWorker.java:52)at org.testng.SuiteRunnerWorker.run(SuiteRunnerWorker.java:84)at org.testng.TestNG.runSuitesSequentially(TestNG.java:1187)at org.testng.TestNG.runSuitesLocally(TestNG.java:1116)at org.testng.TestNG.runSuites(TestNG.java:1028)at org.testng.TestNG.run(TestNG.java:996)at org.testng.remote.AbstractRemoteTestNG.run(AbstractRemoteTestNG.java:114)at org.testng.remote.RemoteTestNG.initAndRun(RemoteTestNG.java:251)at org.testng.remote.RemoteTestNG.main(RemoteTestNG.java:77)]]>
            </full-stacktrace>
          </exception> <!-- java.lang.AssertionError -->
          <reporter-output>
          </reporter-output>
        </test-method> <!-- VerifyPageTitle -->
        <test-method status="PASS" signature="closeBrowser()[pri:0, instance:com.expedia.adnatebeta.testrunner.NTRunnerTest@7a3d45bd]" name="closeBrowser" is-config="true" duration-ms="77" started-at="2018-01-26T19:52:05Z" finished-at="2018-01-26T19:52:05Z">
          <reporter-output>
          </reporter-output>
        </test-method> <!-- closeBrowser -->
        <test-method status="PASS" signature="preCondition()[pri:0, instance:com.expedia.adnatebeta.testrunner.NTRunnerTest@7a3d45bd]" name="preCondition" is-config="true" duration-ms="3177" started-at="2018-01-26T19:52:05Z" finished-at="2018-01-26T19:52:08Z">
          <reporter-output>
          </reporter-output>
        </test-method> <!-- preCondition -->
        <test-method status="FAIL" signature="VerifyPageTitle(java.lang.String, java.lang.String)[pri:0, instance:com.expedia.adnatebeta.testrunner.NTRunnerTest@7a3d45bd]" name="VerifyPageTitle" duration-ms="569" started-at="2018-01-26T19:52:08Z" data-provider="tdp" finished-at="2018-01-26T19:52:09Z">
          <params>
            <param index="0">
              <value>
                <![CDATA[Welcome: Mercury Tours]]>
              </value>
            </param>
            <param index="1">
              <value>
                <![CDATA[1]]>
              </value>
            </param>
          </params>
          <exception class="java.lang.AssertionError">
            <message>
              <![CDATA[Welcome: Mercury Tours expected:<Welcome: Mercury Tours> but was:<Not Matching>]]>
            </message>
            <full-stacktrace>
              <![CDATA[java.lang.AssertionError: Welcome: Mercury Tours expected:<Welcome: Mercury Tours> but was:<Not Matching>at org.testng.AssertJUnit.assertEquals(AssertJUnit.java:101)at com.expedia.adnatebeta.testrunner.NTRunnerTest.VerifyPageTitle(NTRunnerTest.java:60)at sun.reflect.NativeMethodAccessorImpl.invoke0(Native Method)at sun.reflect.NativeMethodAccessorImpl.invoke(NativeMethodAccessorImpl.java:62)at sun.reflect.DelegatingMethodAccessorImpl.invoke(DelegatingMethodAccessorImpl.java:43)at java.lang.reflect.Method.invoke(Method.java:498)at org.testng.internal.MethodInvocationHelper.invokeMethod(MethodInvocationHelper.java:124)at org.testng.internal.Invoker.invokeMethod(Invoker.java:571)at org.testng.internal.Invoker.retryFailed(Invoker.java:829)at org.testng.internal.Invoker.invokeTestMethods(Invoker.java:1000)at org.testng.internal.TestMethodWorker.invokeTestMethods(TestMethodWorker.java:125)at org.testng.internal.TestMethodWorker.run(TestMethodWorker.java:109)at org.testng.TestRunner.privateRun(TestRunner.java:648)at org.testng.TestRunner.run(TestRunner.java:505)at org.testng.SuiteRunner.runTest(SuiteRunner.java:455)at org.testng.SuiteRunner.runSequentially(SuiteRunner.java:450)at org.testng.SuiteRunner.privateRun(SuiteRunner.java:415)at org.testng.SuiteRunner.run(SuiteRunner.java:364)at org.testng.SuiteRunnerWorker.runSuite(SuiteRunnerWorker.java:52)at org.testng.SuiteRunnerWorker.run(SuiteRunnerWorker.java:84)at org.testng.TestNG.runSuitesSequentially(TestNG.java:1187)at org.testng.TestNG.runSuitesLocally(TestNG.java:1116)at org.testng.TestNG.runSuites(TestNG.java:1028)at org.testng.TestNG.run(TestNG.java:996)at org.testng.remote.AbstractRemoteTestNG.run(AbstractRemoteTestNG.java:114)at org.testng.remote.RemoteTestNG.initAndRun(RemoteTestNG.java:251)at org.testng.remote.RemoteTestNG.main(RemoteTestNG.java:77)]]>
            </full-stacktrace>
          </exception> <!-- java.lang.AssertionError -->
          <reporter-output>
          </reporter-output>
        </test-method> <!-- VerifyPageTitle -->
        <test-method status="PASS" signature="closeBrowser()[pri:0, instance:com.expedia.adnatebeta.testrunner.NTRunnerTest@7a3d45bd]" name="closeBrowser" is-config="true" duration-ms="81" started-at="2018-01-26T19:52:09Z" finished-at="2018-01-26T19:52:09Z">
          <reporter-output>
          </reporter-output>
        </test-method> <!-- closeBrowser -->
        <test-method status="PASS" signature="preCondition()[pri:0, instance:com.expedia.adnatebeta.testrunner.NTRunnerTest@7a3d45bd]" name="preCondition" is-config="true" duration-ms="3147" started-at="2018-01-26T19:52:09Z" finished-at="2018-01-26T19:52:12Z">
          <reporter-output>
          </reporter-output>
        </test-method> <!-- preCondition -->
        <test-method status="FAIL" signature="VerifyFlightDetailsHeading([Ljava.lang.String;)[pri:0, instance:com.expedia.adnatebeta.testrunner.NTRunnerTest@7a3d45bd]" name="VerifyFlightDetailsHeading" duration-ms="4521" started-at="2018-01-26T19:52:12Z" data-provider="tdp" finished-at="2018-01-26T19:52:16Z">
          <params>
            <param index="0">
              <value>
                <![CDATA[[Ljava.lang.String;@20b5f2ac]]>
              </value>
            </param>
          </params>
          <exception class="java.lang.AssertionError">
            <message>
              <![CDATA[Flight Details expected:<Flight Details> but was:<Done>]]>
            </message>
            <full-stacktrace>
              <![CDATA[java.lang.AssertionError: Flight Details expected:<Flight Details> but was:<Done>at org.testng.AssertJUnit.assertEquals(AssertJUnit.java:101)at com.expedia.adnatebeta.testrunner.NTRunnerTest.VerifyFlightDetailsHeading(NTRunnerTest.java:80)at sun.reflect.NativeMethodAccessorImpl.invoke0(Native Method)at sun.reflect.NativeMethodAccessorImpl.invoke(NativeMethodAccessorImpl.java:62)at sun.reflect.DelegatingMethodAccessorImpl.invoke(DelegatingMethodAccessorImpl.java:43)at java.lang.reflect.Method.invoke(Method.java:498)at org.testng.internal.MethodInvocationHelper.invokeMethod(MethodInvocationHelper.java:124)at org.testng.internal.Invoker.invokeMethod(Invoker.java:571)at org.testng.internal.Invoker.invokeTestMethod(Invoker.java:707)at org.testng.internal.Invoker.invokeTestMethods(Invoker.java:979)at org.testng.internal.TestMethodWorker.invokeTestMethods(TestMethodWorker.java:125)at org.testng.internal.TestMethodWorker.run(TestMethodWorker.java:109)at org.testng.TestRunner.privateRun(TestRunner.java:648)at org.testng.TestRunner.run(TestRunner.java:505)at org.testng.SuiteRunner.runTest(SuiteRunner.java:455)at org.testng.SuiteRunner.runSequentially(SuiteRunner.java:450)at org.testng.SuiteRunner.privateRun(SuiteRunner.java:415)at org.testng.SuiteRunner.run(SuiteRunner.java:364)at org.testng.SuiteRunnerWorker.runSuite(SuiteRunnerWorker.java:52)at org.testng.SuiteRunnerWorker.run(SuiteRunnerWorker.java:84)at org.testng.TestNG.runSuitesSequentially(TestNG.java:1187)at org.testng.TestNG.runSuitesLocally(TestNG.java:1116)at org.testng.TestNG.runSuites(TestNG.java:1028)at org.testng.TestNG.run(TestNG.java:996)at org.testng.remote.AbstractRemoteTestNG.run(AbstractRemoteTestNG.java:114)at org.testng.remote.RemoteTestNG.initAndRun(RemoteTestNG.java:251)at org.testng.remote.RemoteTestNG.main(RemoteTestNG.java:77)]]>
            </full-stacktrace>
          </exception> <!-- java.lang.AssertionError -->
          <reporter-output>
          </reporter-output>
        </test-method> <!-- VerifyFlightDetailsHeading -->
        <test-method status="PASS" signature="closeBrowser()[pri:0, instance:com.expedia.adnatebeta.testrunner.NTRunnerTest@7a3d45bd]" name="closeBrowser" is-config="true" duration-ms="78" started-at="2018-01-26T19:52:16Z" finished-at="2018-01-26T19:52:16Z">
          <reporter-output>
          </reporter-output>
        </test-method> <!-- closeBrowser -->
        <test-method status="PASS" signature="preCondition()[pri:0, instance:com.expedia.adnatebeta.testrunner.NTRunnerTest@7a3d45bd]" name="preCondition" is-config="true" duration-ms="3013" started-at="2018-01-26T19:52:16Z" finished-at="2018-01-26T19:52:19Z">
          <reporter-output>
          </reporter-output>
        </test-method> <!-- preCondition -->
        <test-method status="FAIL" signature="VerifyRegistrationProcess([Ljava.lang.String;)[pri:0, instance:com.expedia.adnatebeta.testrunner.NTRunnerTest@7a3d45bd]" name="VerifyRegistrationProcess" duration-ms="3883" started-at="2018-01-26T19:52:19Z" data-provider="tdp" finished-at="2018-01-26T19:52:23Z">
          <params>
            <param index="0">
              <value>
                <![CDATA[[Ljava.lang.String;@293d0107]]>
              </value>
            </param>
          </params>
          <exception class="java.lang.AssertionError">
            <message>
              <![CDATA[Thank you for registering. You may now sign-in using the user name and password you've just entered. expected:<Thank you for registering. You may now sign-in using the user name and password you've just entered.> but was:<Enjoy>]]>
            </message>
            <full-stacktrace>
              <![CDATA[java.lang.AssertionError: Thank you for registering. You may now sign-in using the user name and password you've just entered. expected:<Thank you for registering. You may now sign-in using the user name and password you've just entered.> but was:<Enjoy>at org.testng.AssertJUnit.assertEquals(AssertJUnit.java:101)at com.expedia.adnatebeta.testrunner.NTRunnerTest.VerifyRegistrationProcess(NTRunnerTest.java:114)at sun.reflect.NativeMethodAccessorImpl.invoke0(Native Method)at sun.reflect.NativeMethodAccessorImpl.invoke(NativeMethodAccessorImpl.java:62)at sun.reflect.DelegatingMethodAccessorImpl.invoke(DelegatingMethodAccessorImpl.java:43)at java.lang.reflect.Method.invoke(Method.java:498)at org.testng.internal.MethodInvocationHelper.invokeMethod(MethodInvocationHelper.java:124)at org.testng.internal.Invoker.invokeMethod(Invoker.java:571)at org.testng.internal.Invoker.invokeTestMethod(Invoker.java:707)at org.testng.internal.Invoker.invokeTestMethods(Invoker.java:979)at org.testng.internal.TestMethodWorker.invokeTestMethods(TestMethodWorker.java:125)at org.testng.internal.TestMethodWorker.run(TestMethodWorker.java:109)at org.testng.TestRunner.privateRun(TestRunner.java:648)at org.testng.TestRunner.run(TestRunner.java:505)at org.testng.SuiteRunner.runTest(SuiteRunner.java:455)at org.testng.SuiteRunner.runSequentially(SuiteRunner.java:450)at org.testng.SuiteRunner.privateRun(SuiteRunner.java:415)at org.testng.SuiteRunner.run(SuiteRunner.java:364)at org.testng.SuiteRunnerWorker.runSuite(SuiteRunnerWorker.java:52)at org.testng.SuiteRunnerWorker.run(SuiteRunnerWorker.java:84)at org.testng.TestNG.runSuitesSequentially(TestNG.java:1187)at org.testng.TestNG.runSuitesLocally(TestNG.java:1116)at org.testng.TestNG.runSuites(TestNG.java:1028)at org.testng.TestNG.run(TestNG.java:996)at org.testng.remote.AbstractRemoteTestNG.run(AbstractRemoteTestNG.java:114)at org.testng.remote.RemoteTestNG.initAndRun(RemoteTestNG.java:251)at org.testng.remote.RemoteTestNG.main(RemoteTestNG.java:77)]]>
            </full-stacktrace>
          </exception> <!-- java.lang.AssertionError -->
          <reporter-output>
          </reporter-output>
        </test-method> <!-- VerifyRegistrationProcess -->
        <test-method status="PASS" signature="closeBrowser()[pri:0, instance:com.expedia.adnatebeta.testrunner.NTRunnerTest@7a3d45bd]" name="closeBrowser" is-config="true" duration-ms="76" started-at="2018-01-26T19:52:23Z" finished-at="2018-01-26T19:52:23Z">
          <reporter-output>
          </reporter-output>
        </test-method> <!-- closeBrowser -->
      </class> <!-- com.expedia.adnatebeta.testrunner.NTRunnerTest -->
    </test> <!-- Chrome -->
  </suite> <!-- Suite -->
</testng-results>
